<?xml version="1.0" encoding="UTF-8"?>
<testng-results skipped="0" failed="1" ignored="0" total="1" passed="0">
  <reporter-output>
  </reporter-output>
  <suite name="Default suite" duration-ms="4832" started-at="2023-07-26T18:08:17 IST" finished-at="2023-07-26T18:08:21 IST">
    <groups>
    </groups>
    <test name="Default test" duration-ms="4832" started-at="2023-07-26T18:08:17 IST" finished-at="2023-07-26T18:08:21 IST">
      <class name="POMEx.ApplicationPage">
        <test-method status="FAIL" signature="test()[pri:0, instance:POMEx.ApplicationPage@61f8bee4]" name="test" duration-ms="4779" started-at="2023-07-26T18:08:17 IST" finished-at="2023-07-26T18:08:21 IST">
          <exception class="org.openqa.selenium.SessionNotCreatedException">
            <message>
              <![CDATA[session not created: This version of ChromeDriver only supports Chrome version 104
Current browser version is 114.0.5735.248 with binary path C:\Program Files (x86)\Google\Chrome\Application\chrome.exe
Build info: version: '3.141.59', revision: 'e82be7d358', time: '2018-11-14T08:25:53'
System info: host: 'DESKTOP-3GP703F', ip: '192.168.1.3', os.name: 'Windows 10', os.arch: 'amd64', os.version: '10.0', java.version: '1.8.0_271'
Driver info: driver.version: ChromeDriver
remote stacktrace: Backtrace:
Ordinal0 [0x00AF78B3+2193587]
Ordinal0 [0x00A90681+1771137]
Ordinal0 [0x009A41A8+803240]
Ordinal0 [0x009C5CC3+941251]
Ordinal0 [0x009C13EF+922607]
Ordinal0 [0x009BEBC1+912321]
Ordinal0 [0x009F23B0+1123248]
Ordinal0 [0x009F200A+1122314]
Ordinal0 [0x009ED5C6+1103302]
Ordinal0 [0x009C77E0+948192]
Ordinal0 [0x009C86E6+952038]
GetHandleVerifier [0x00DA0CB2+2738370]
GetHandleVerifier [0x00D921B8+2678216]
GetHandleVerifier [0x00B817AA+512954]
GetHandleVerifier [0x00B80856+509030]
Ordinal0 [0x00A9743B+1799227]
Ordinal0 [0x00A9BB68+1817448]
Ordinal0 [0x00A9BC55+1817685]
Ordinal0 [0x00AA5230+1856048]
BaseThreadInitThunk [0x754300C9+25]
RtlGetAppContainerNamedObjectPath [0x774F7B1E+286]
RtlGetAppContainerNamedObjectPath [0x774F7AEE+238]
]]>
            </message>
            <full-stacktrace>
              <![CDATA[org.openqa.selenium.SessionNotCreatedException: session not created: This version of ChromeDriver only supports Chrome version 104
Current browser version is 114.0.5735.248 with binary path C:\Program Files (x86)\Google\Chrome\Application\chrome.exe
Build info: version: '3.141.59', revision: 'e82be7d358', time: '2018-11-14T08:25:53'
System info: host: 'DESKTOP-3GP703F', ip: '192.168.1.3', os.name: 'Windows 10', os.arch: 'amd64', os.version: '10.0', java.version: '1.8.0_271'
Driver info: driver.version: ChromeDriver
remote stacktrace: Backtrace:
Ordinal0 [0x00AF78B3+2193587]
Ordinal0 [0x00A90681+1771137]
Ordinal0 [0x009A41A8+803240]
Ordinal0 [0x009C5CC3+941251]
Ordinal0 [0x009C13EF+922607]
Ordinal0 [0x009BEBC1+912321]
Ordinal0 [0x009F23B0+1123248]
Ordinal0 [0x009F200A+1122314]
Ordinal0 [0x009ED5C6+1103302]
Ordinal0 [0x009C77E0+948192]
Ordinal0 [0x009C86E6+952038]
GetHandleVerifier [0x00DA0CB2+2738370]
GetHandleVerifier [0x00D921B8+2678216]
GetHandleVerifier [0x00B817AA+512954]
GetHandleVerifier [0x00B80856+509030]
Ordinal0 [0x00A9743B+1799227]
Ordinal0 [0x00A9BB68+1817448]
Ordinal0 [0x00A9BC55+1817685]
Ordinal0 [0x00AA5230+1856048]
BaseThreadInitThunk [0x754300C9+25]
RtlGetAppContainerNamedObjectPath [0x774F7B1E+286]
RtlGetAppContainerNamedObjectPath [0x774F7AEE+238]

at sun.reflect.NativeConstructorAccessorImpl.newInstance0(Native Method)
at sun.reflect.NativeConstructorAccessorImpl.newInstance(Unknown Source)
at sun.reflect.DelegatingConstructorAccessorImpl.newInstance(Unknown Source)
at java.lang.reflect.Constructor.newInstance(Unknown Source)
at org.openqa.selenium.remote.W3CHandshakeResponse.lambda$errorHandler$0(W3CHandshakeResponse.java:62)
at org.openqa.selenium.remote.HandshakeResponse.lambda$getResponseFunction$0(HandshakeResponse.java:30)
at org.openqa.selenium.remote.ProtocolHandshake.lambda$createSession$0(ProtocolHandshake.java:126)
at java.util.stream.ReferencePipeline$3$1.accept(Unknown Source)
at java.util.Spliterators$ArraySpliterator.tryAdvance(Unknown Source)
at java.util.stream.ReferencePipeline.forEachWithCancel(Unknown Source)
at java.util.stream.AbstractPipeline.copyIntoWithCancel(Unknown Source)
at java.util.stream.AbstractPipeline.copyInto(Unknown Source)
at java.util.stream.AbstractPipeline.wrapAndCopyInto(Unknown Source)
at java.util.stream.FindOps$FindOp.evaluateSequential(Unknown Source)
at java.util.stream.AbstractPipeline.evaluate(Unknown Source)
at java.util.stream.ReferencePipeline.findFirst(Unknown Source)
at org.openqa.selenium.remote.ProtocolHandshake.createSession(ProtocolHandshake.java:128)
at org.openqa.selenium.remote.ProtocolHandshake.createSession(ProtocolHandshake.java:74)
at org.openqa.selenium.remote.HttpCommandExecutor.execute(HttpCommandExecutor.java:136)
at org.openqa.selenium.remote.service.DriverCommandExecutor.execute(DriverCommandExecutor.java:83)
at org.openqa.selenium.remote.RemoteWebDriver.execute(RemoteWebDriver.java:552)
at org.openqa.selenium.remote.RemoteWebDriver.startSession(RemoteWebDriver.java:213)
at org.openqa.selenium.remote.RemoteWebDriver.<init>(RemoteWebDriver.java:131)
at org.openqa.selenium.chrome.ChromeDriver.<init>(ChromeDriver.java:181)
at org.openqa.selenium.chrome.ChromeDriver.<init>(ChromeDriver.java:168)
at org.openqa.selenium.chrome.ChromeDriver.<init>(ChromeDriver.java:123)
at POMEx.ApplicationPage.test(ApplicationPage.java:14)
at sun.reflect.NativeMethodAccessorImpl.invoke0(Native Method)
at sun.reflect.NativeMethodAccessorImpl.invoke(Unknown Source)
at sun.reflect.DelegatingMethodAccessorImpl.invoke(Unknown Source)
at java.lang.reflect.Method.invoke(Unknown Source)
at org.testng.internal.MethodInvocationHelper.invokeMethod(MethodInvocationHelper.java:132)
at org.testng.internal.TestInvoker.invokeMethod(TestInvoker.java:599)
at org.testng.internal.TestInvoker.invokeTestMethod(TestInvoker.java:174)
at org.testng.internal.MethodRunner.runInSequence(MethodRunner.java:46)
at org.testng.internal.TestInvoker$MethodInvocationAgent.invoke(TestInvoker.java:822)
at org.testng.internal.TestInvoker.invokeTestMethods(TestInvoker.java:147)
at org.testng.internal.TestMethodWorker.invokeTestMethods(TestMethodWorker.java:146)
at org.testng.internal.TestMethodWorker.run(TestMethodWorker.java:128)
at java.util.ArrayList.forEach(Unknown Source)
at org.testng.TestRunner.privateRun(TestRunner.java:764)
at org.testng.TestRunner.run(TestRunner.java:585)
at org.testng.SuiteRunner.runTest(SuiteRunner.java:384)
at org.testng.SuiteRunner.runSequentially(SuiteRunner.java:378)
at org.testng.SuiteRunner.privateRun(SuiteRunner.java:337)
at org.testng.SuiteRunner.run(SuiteRunner.java:286)
at org.testng.SuiteRunnerWorker.runSuite(SuiteRunnerWorker.java:53)
at org.testng.SuiteRunnerWorker.run(SuiteRunnerWorker.java:96)
at org.testng.TestNG.runSuitesSequentially(TestNG.java:1218)
at org.testng.TestNG.runSuitesLocally(TestNG.java:1140)
at org.testng.TestNG.runSuites(TestNG.java:1069)
at org.testng.TestNG.run(TestNG.java:1037)
at org.testng.remote.AbstractRemoteTestNG.run(AbstractRemoteTestNG.java:115)
at org.testng.remote.RemoteTestNG.initAndRun(RemoteTestNG.java:251)
at org.testng.remote.RemoteTestNG.main(RemoteTestNG.java:77)
]]>
            </full-stacktrace>
          </exception> <!-- org.openqa.selenium.SessionNotCreatedException -->
          <reporter-output>
          </reporter-output>
        </test-method> <!-- test -->
      </class> <!-- POMEx.ApplicationPage -->
    </test> <!-- Default test -->
  </suite> <!-- Default suite -->
</testng-results>
